0 info it worked if it ends with ok
1 verbose cli [ 'D:\\NodeJs\\node.exe',
1 verbose cli   'C:\\Users\\Administrator\\AppData\\Roaming\\npm\\node_modules\\npm\\bin\\npm-cli.js',
1 verbose cli   'start' ]
2 info using npm@3.8.6
3 info using node@v8.11.1
4 verbose run-script [ 'prestart', 'start', 'poststart' ]
5 info lifecycle ice-village-program@1.0.0~prestart: ice-village-program@1.0.0
6 silly lifecycle ice-village-program@1.0.0~prestart: no script for prestart, continuing
7 info lifecycle ice-village-program@1.0.0~start: ice-village-program@1.0.0
8 verbose lifecycle ice-village-program@1.0.0~start: unsafe-perm in lifecycle true
9 verbose lifecycle ice-village-program@1.0.0~start: PATH: C:\Users\Administrator\AppData\Roaming\npm\node_modules\npm\bin\node-gyp-bin;D:\NodeJs\ice-village-program\node_modules\.bin;D:\NodeJs;C:\Program Files (x86)\NVIDIA Corporation\PhysX\Common;C:\Program Files (x86)\Intel\iCLS Client\;C:\Program Files\Intel\iCLS Client\;C:\Windows\system32;C:\Windows;C:\Windows\System32\Wbem;C:\Windows\System32\WindowsPowerShell\v1.0\;C:\Program Files\Intel\Intel(R) Management Engine Components\DAL;C:\Program Files (x86)\Intel\Intel(R) Management Engine Components\DAL;C:\Program Files\Intel\Intel(R) Management Engine Components\IPT;C:\Program Files (x86)\Intel\Intel(R) Management Engine Components\IPT;C:\Program Files (x86)\Intel\OpenCL SDK\2.0\bin\x86;C:\Program Files (x86)\Intel\OpenCL SDK\2.0\bin\x64;D:\python\Scripts;C:\Program Files\Microsoft\Web Platform Installer\;C:\Program Files (x86)\Microsoft ASP.NET\ASP.NET Web Pages\v1.0\;C:\Program Files (x86)\Windows Kits\8.0\Windows Performance Toolkit\;C:\Program Files\Microsoft SQL Server\110\Tools\Binn\;D:\vs2012\VC\vcpackages;D:\NodeJs\%HOMEDRIVE%%HOMEPATH%\.nvmw;E:\Git\Git\bin;D:\java\bin;D:\mysql\bin;D:\mongodb\bin;E:\Git\Git\Git\cmd;D:\NodeJs\;E:\Sublime\Sublime Text 3\;D:\Ruby-for-window\Ruby22-x64\bin;E:\程序\java\;D:\python;D:\python\Scripts;D:\NodeJs\C:\Users\Administrator\.nvmw;C:\Users\Administrator\AppData\Roaming\npm;E:\Sublime\Sublime Text 3\
10 verbose lifecycle ice-village-program@1.0.0~start: CWD: D:\NodeJs\ice-village-program
11 silly lifecycle ice-village-program@1.0.0~start: Args: [ '/d /s /c', 'node app.js' ]
12 silly lifecycle ice-village-program@1.0.0~start: Returned: code: 1  signal: null
13 info lifecycle ice-village-program@1.0.0~start: Failed to exec start script
14 verbose stack Error: ice-village-program@1.0.0 start: `node app.js`
14 verbose stack Exit status 1
14 verbose stack     at EventEmitter.<anonymous> (C:\Users\Administrator\AppData\Roaming\npm\node_modules\npm\lib\utils\lifecycle.js:239:16)
14 verbose stack     at emitTwo (events.js:126:13)
14 verbose stack     at EventEmitter.emit (events.js:214:7)
14 verbose stack     at ChildProcess.<anonymous> (C:\Users\Administrator\AppData\Roaming\npm\node_modules\npm\lib\utils\spawn.js:24:14)
14 verbose stack     at emitTwo (events.js:126:13)
14 verbose stack     at ChildProcess.emit (events.js:214:7)
14 verbose stack     at maybeClose (internal/child_process.js:925:16)
14 verbose stack     at Process.ChildProcess._handle.onexit (internal/child_process.js:209:5)
15 verbose pkgid ice-village-program@1.0.0
16 verbose cwd D:\NodeJs\ice-village-program\routes
17 error Windows_NT 6.3.9600
18 error argv "D:\\NodeJs\\node.exe" "C:\\Users\\Administrator\\AppData\\Roaming\\npm\\node_modules\\npm\\bin\\npm-cli.js" "start"
19 error node v8.11.1
20 error npm  v3.8.6
21 error code ELIFECYCLE
22 error ice-village-program@1.0.0 start: `node app.js`
22 error Exit status 1
23 error Failed at the ice-village-program@1.0.0 start script 'node app.js'.
23 error Make sure you have the latest version of node.js and npm installed.
23 error If you do, this is most likely a problem with the ice-village-program package,
23 error not with npm itself.
23 error Tell the author that this fails on your system:
23 error     node app.js
23 error You can get information on how to open an issue for this project with:
23 error     npm bugs ice-village-program
23 error Or if that isn't available, you can get their info via:
23 error     npm owner ls ice-village-program
23 error There is likely additional logging output above.
24 verbose exit [ 1, true ]
